build/app/intermediates/manifest_merge_blame_file/debug/manifest-merger-blame-debug-report.txt
1<?xml version="1.0" encoding="utf-8"?>
2<manifest xmlns:android="http://schemas.android.com/apk/res/android"
3    package="com.example.wvdeneme"
4    android:versionCode="1"
5    android:versionName="1.0.0" >
6
7    <uses-sdk
8        android:minSdkVersion="19"
9        android:targetSdkVersion="33" />
10    <!--
11         The INTERNET permission is required for development. Specifically,
12         the Flutter tool needs it to communicate with the running application
13         to allow setting breakpoints, to provide hot reload, etc.
14    -->
15    <uses-permission android:name="android.permission.INTERNET" />
15-->src\debug\AndroidManifest.xml:7:5-66
15-->src\debug\AndroidManifest.xml:7:22-64
16
17    <queries>
17-->[:flutter_inappwebview] AndroidManifest.xml:9:5-13:15
18        <intent>
18-->[:flutter_inappwebview] AndroidManifest.xml:10:9-12:18
19            <action android:name="android.support.customtabs.action.CustomTabsService" />
19-->[:flutter_inappwebview] AndroidManifest.xml:11:13-90
19-->[:flutter_inappwebview] AndroidManifest.xml:11:21-87
20        </intent>
21    </queries>
22
23    <application
24        android:name="android.app.Application"
25        android:appComponentFactory="androidx.core.app.CoreComponentFactory"
25-->[androidx.core:core:1.8.0] AndroidManifest.xml:24:18-86
26        android:debuggable="true"
27        android:icon="@mipmap/ic_launcher"
28        android:label="wvdeneme" >
29        <activity
30            android:name="com.example.wvdeneme.MainActivity"
31            android:configChanges="orientation|keyboardHidden|keyboard|screenSize|smallestScreenSize|locale|layoutDirection|fontScale|screenLayout|density|uiMode"
32            android:exported="true"
33            android:hardwareAccelerated="true"
34            android:launchMode="singleTop"
35            android:theme="@style/LaunchTheme"
36            android:windowSoftInputMode="adjustResize" >
37
38            <!--
39                 Specifies an Android theme to apply to this Activity as soon as
40                 the Android process has started. This theme is visible to the user
41                 while the Flutter UI initializes. After that, this theme continues
42                 to determine the Window background behind the Flutter UI.
43            -->
44            <meta-data
45                android:name="io.flutter.embedding.android.NormalTheme"
46                android:resource="@style/NormalTheme" />
47
48            <intent-filter>
49                <action android:name="android.intent.action.MAIN" />
50
51                <category android:name="android.intent.category.LAUNCHER" />
52            </intent-filter>
53        </activity>
54        <!--
55             Don't delete the meta-data below.
56             This is used by the Flutter tool to generate GeneratedPluginRegistrant.java
57        -->
58        <meta-data
59            android:name="flutterEmbedding"
60            android:value="2" />
61
62        <activity
62-->[:flutter_inappwebview] AndroidManifest.xml:16:9-20:47
63            android:name="com.pichillilorenzo.flutter_inappwebview.in_app_browser.InAppBrowserActivity"
63-->[:flutter_inappwebview] AndroidManifest.xml:17:13-104
64            android:configChanges="orientation|keyboardHidden|keyboard|screenSize|locale|layoutDirection|fontScale|screenLayout|density"
64-->[:flutter_inappwebview] AndroidManifest.xml:18:13-137
65            android:exported="false"
65-->[:flutter_inappwebview] AndroidManifest.xml:19:13-37
66            android:theme="@style/AppTheme" />
66-->[:flutter_inappwebview] AndroidManifest.xml:20:13-44
67        <activity
67-->[:flutter_inappwebview] AndroidManifest.xml:21:9-24:55
68            android:name="com.pichillilorenzo.flutter_inappwebview.chrome_custom_tabs.ChromeCustomTabsActivity"
68-->[:flutter_inappwebview] AndroidManifest.xml:22:13-112
69            android:exported="false"
69-->[:flutter_inappwebview] AndroidManifest.xml:23:13-37
70            android:theme="@style/ThemeTransparent" />
70-->[:flutter_inappwebview] AndroidManifest.xml:24:13-52
71        <activity
71-->[:flutter_inappwebview] AndroidManifest.xml:25:9-28:55
72            android:name="com.pichillilorenzo.flutter_inappwebview.chrome_custom_tabs.TrustedWebActivity"
72-->[:flutter_inappwebview] AndroidManifest.xml:26:13-106
73            android:exported="false"
73-->[:flutter_inappwebview] AndroidManifest.xml:27:13-37
74            android:theme="@style/ThemeTransparent" />
74-->[:flutter_inappwebview] AndroidManifest.xml:28:13-52
75        <activity
75-->[:flutter_inappwebview] AndroidManifest.xml:29:9-33:55
76            android:name="com.pichillilorenzo.flutter_inappwebview.chrome_custom_tabs.ChromeCustomTabsActivitySingleInstance"
76-->[:flutter_inappwebview] AndroidManifest.xml:30:13-126
77            android:exported="false"
77-->[:flutter_inappwebview] AndroidManifest.xml:31:13-37
78            android:launchMode="singleInstance"
78-->[:flutter_inappwebview] AndroidManifest.xml:32:13-48
79            android:theme="@style/ThemeTransparent" />
79-->[:flutter_inappwebview] AndroidManifest.xml:33:13-52
80        <activity
80-->[:flutter_inappwebview] AndroidManifest.xml:34:9-38:55
81            android:name="com.pichillilorenzo.flutter_inappwebview.chrome_custom_tabs.TrustedWebActivitySingleInstance"
81-->[:flutter_inappwebview] AndroidManifest.xml:35:13-120
82            android:exported="false"
82-->[:flutter_inappwebview] AndroidManifest.xml:36:13-37
83            android:launchMode="singleInstance"
83-->[:flutter_inappwebview] AndroidManifest.xml:37:13-48
84            android:theme="@style/ThemeTransparent" />
84-->[:flutter_inappwebview] AndroidManifest.xml:38:13-52
85
86        <receiver
86-->[:flutter_inappwebview] AndroidManifest.xml:40:9-43:40
87            android:name="com.pichillilorenzo.flutter_inappwebview.chrome_custom_tabs.ActionBroadcastReceiver"
87-->[:flutter_inappwebview] AndroidManifest.xml:41:13-111
88            android:enabled="true"
88-->[:flutter_inappwebview] AndroidManifest.xml:42:13-35
89            android:exported="false" />
89-->[:flutter_inappwebview] AndroidManifest.xml:43:13-37
90
91        <meta-data
91-->[:flutter_inappwebview] AndroidManifest.xml:45:9-47:36
92            android:name="io.flutter.embedded_views_preview"
92-->[:flutter_inappwebview] AndroidManifest.xml:46:13-61
93            android:value="true" />
93-->[:flutter_inappwebview] AndroidManifest.xml:47:13-33
94
95        <uses-library
95-->[androidx.window:window:1.0.0-beta04] AndroidManifest.xml:25:9-27:40
96            android:name="androidx.window.extensions"
96-->[androidx.window:window:1.0.0-beta04] AndroidManifest.xml:26:13-54
97            android:required="false" />
97-->[androidx.window:window:1.0.0-beta04] AndroidManifest.xml:27:13-37
98        <uses-library
98-->[androidx.window:window:1.0.0-beta04] AndroidManifest.xml:28:9-30:40
99            android:name="androidx.window.sidecar"
99-->[androidx.window:window:1.0.0-beta04] AndroidManifest.xml:29:13-51
100            android:required="false" />
100-->[androidx.window:window:1.0.0-beta04] AndroidManifest.xml:30:13-37
101
102        <provider
102-->[androidx.emoji2:emoji2:1.2.0] AndroidManifest.xml:24:9-32:20
103            android:name="androidx.startup.InitializationProvider"
103-->[androidx.emoji2:emoji2:1.2.0] AndroidManifest.xml:25:13-67
104            android:authorities="com.example.wvdeneme.androidx-startup"
104-->[androidx.emoji2:emoji2:1.2.0] AndroidManifest.xml:26:13-68
105            android:exported="false" >
105-->[androidx.emoji2:emoji2:1.2.0] AndroidManifest.xml:27:13-37
106            <meta-data
106-->[androidx.emoji2:emoji2:1.2.0] AndroidManifest.xml:29:13-31:52
107                android:name="androidx.emoji2.text.EmojiCompatInitializer"
107-->[androidx.emoji2:emoji2:1.2.0] AndroidManifest.xml:30:17-75
108                android:value="androidx.startup" />
108-->[androidx.emoji2:emoji2:1.2.0] AndroidManifest.xml:31:17-49
109            <meta-data
109-->[androidx.lifecycle:lifecycle-process:2.4.1] AndroidManifest.xml:31:13-33:52
110                android:name="androidx.lifecycle.ProcessLifecycleInitializer"
110-->[androidx.lifecycle:lifecycle-process:2.4.1] AndroidManifest.xml:32:17-78
111                android:value="androidx.startup" />
111-->[androidx.lifecycle:lifecycle-process:2.4.1] AndroidManifest.xml:33:17-49
112        </provider>
113    </application>
114
115</manifest>